<?xml version="1.0" encoding="UTF-8"?>
<!-- Generated by org.testng.reporters.JUnitReportReporter -->
<testsuite hostname="WL361443" failures="0" tests="5" name="com.tieto.test.LoginTest" time="103.302" errors="0" timestamp="2020-07-03T15:12:52 IST" skipped="0">
  <testcase classname="com.tieto.test.LoginTest" name="invalidCredentialTest" time="9.652"/>
  <system-out/>
  <testcase classname="com.tieto.test.LoginTest" name="invalidCredentialTest" time="9.906"/>
  <system-out/>
  <testcase classname="com.tieto.test.LoginTest" name="validCredentialTest" time="52.426"/>
  <system-out>
OpenEMR  </system-out>
  <testcase classname="com.tieto.test.LoginTest" name="validCredentialTest" time="14.302"/>
  <system-out>
OpenEMR  </system-out>
  <testcase classname="com.tieto.test.LoginTest" name="validCredentialTest" time="17.016"/>
  <system-out>
OpenEMR  </system-out>
</testsuite> <!-- com.tieto.test.LoginTest -->
