<?xml version="1.0" encoding="UTF-8"?>
<!-- Generated by org.testng.reporters.JUnitReportReporter -->
<testsuite hostname="WL361443" failures="0" tests="1" name="com.tieto.test.DemoTest" time="0.753" errors="0" timestamp="2020-07-03T13:11:18 IST" skipped="0">
  <testcase classname="com.tieto.test.DemoTest" name="excel" time="0.753"/>
  <system-out/>
</testsuite> <!-- com.tieto.test.DemoTest -->
