<?xml version="1.0" encoding="UTF-8"?>
<!-- Generated by org.testng.reporters.JUnitReportReporter -->
<testsuite hostname="WL361443" failures="0" tests="1" name="com.tieto.test.AddPatientTest" time="9.053" errors="0" timestamp="2020-07-03T16:40:50 IST" skipped="0">
  <testcase classname="com.tieto.test.AddPatientTest" name="createPatient" time="9.053"/>
  <system-out/>
</testsuite> <!-- com.tieto.test.AddPatientTest -->
