<?xml version="1.0" encoding="UTF-8"?>
<!-- Generated by org.testng.reporters.JUnitReportReporter -->
<testsuite hostname="WL361443" failures="0" tests="5" name="com.tieto.test.LoginTest" time="56.725" errors="0" timestamp="2020-07-03T16:40:50 IST" skipped="0">
  <testcase classname="com.tieto.test.LoginTest" name="invalidCredentialTest" time="9.367"/>
  <system-out/>
  <testcase classname="com.tieto.test.LoginTest" name="invalidCredentialTest" time="9.695"/>
  <system-out/>
  <testcase classname="com.tieto.test.LoginTest" name="validCredentialTest" time="12.360"/>
  <system-out>
OpenEMR  </system-out>
  <testcase classname="com.tieto.test.LoginTest" name="validCredentialTest" time="12.814"/>
  <system-out>
OpenEMR  </system-out>
  <testcase classname="com.tieto.test.LoginTest" name="validCredentialTest" time="12.489"/>
  <system-out>
OpenEMR  </system-out>
</testsuite> <!-- com.tieto.test.LoginTest -->
